2024-02-08 04:28:24.743230,median: 70.00, [72, 70, 70, 70, 70],icon: 60,wifi: DISABLED,bt: DISABLED, throttle: 0x0
2024-02-08 04:28:34.796031,median: 70.00, [70, 70, 70, 70, 70],icon: 60,wifi: DISABLED,bt: DISABLED, throttle: 0x0
2024-02-08 04:28:44.837385,median: 70.00, [70, 70, 70, 70, 70],icon: 60,wifi: DISABLED,bt: DISABLED, throttle: 0x0
2024-02-08 07:39:51.127015,median: 67.00, [70, 70, 70, 70, 67],icon: 60,wifi: DISABLED,bt: DISABLED, throttle: 0x0
2024-02-08 07:40:01.164778,median: 67.00, [70, 70, 70, 67, 67],icon: 60,wifi: DISABLED,bt: DISABLED, throttle: 0x0
2024-02-08 07:40:11.205152,median: 67.00, [70, 70, 67, 67, 67],icon: 60,wifi: DISABLED,bt: DISABLED, throttle: 0x0
2024-02-08 07:40:21.244758,median: 67.00, [70, 67, 67, 67, 67],icon: 60,wifi: DISABLED,bt: DISABLED, throttle: 0x0
2024-02-08 07:40:31.286773,median: 65.00, [67, 67, 67, 67, 65],icon: 60,wifi: DISABLED,bt: DISABLED, throttle: 0x0
2024-02-08 07:40:41.326054,median: 65.00, [67, 67, 67, 65, 65],icon: 60,wifi: DISABLED,bt: DISABLED, throttle: 0x0
2024-02-08 07:40:51.364250,median: 65.00, [67, 67, 65, 65, 65],icon: 60,wifi: DISABLED,bt: DISABLED, throttle: 0x0
2024-02-08 07:41:01.405382,median: 65.00, [67, 65, 65, 65, 65],icon: 60,wifi: DISABLED,bt: DISABLED, throttle: 0x0
2024-02-08 07:41:11.446718,median: 65.00, [65, 65, 65, 65, 65],icon: 60,wifi: DISABLED,bt: DISABLED, throttle: 0x0
['1024', '600']
2024-02-08 07:41:29.867382,median: 100.00, [100],icon: full,wifi: DISABLED,bt: ENABLED, throttle: 0x0
2024-02-08 07:41:39.919686,median: 63.00, [100, 63],icon: 90,wifi: DISABLED,bt: ENABLED, throttle: 0x0
2024-02-08 07:42:09.093152,median: 63.00, [100, 63, 63],icon: 60,wifi: DISABLED,bt: ENABLED, throttle: 0x0
2024-02-08 07:42:19.126206,median: 63.00, [100, 63, 63, 63],icon: 60,wifi: DISABLED,bt: ENABLED, throttle: 0x0
2024-02-08 07:42:29.256597,median: 63.00, [100, 63, 63, 63, 63],icon: 60,wifi: DISABLED,bt: ENABLED, throttle: 0x0
2024-02-08 07:42:39.295831,median: 63.00, [63, 63, 63, 63, 63],icon: 60,wifi: DISABLED,bt: ENABLED, throttle: 0x0
2024-02-08 07:42:49.338472,median: 63.00, [63, 63, 63, 63, 63],icon: 60,wifi: DISABLED,bt: ENABLED, throttle: 0x0
2024-02-08 07:42:59.379507,median: 60.00, [63, 63, 63, 63, 60],icon: 60,wifi: DISABLED,bt: ENABLED, throttle: 0x0
2024-02-08 07:43:09.411318,median: 60.00, [63, 63, 63, 60, 60],icon: 60,wifi: DISABLED,bt: ENABLED, throttle: 0x0
2024-02-08 07:43:19.453327,median: 60.00, [63, 63, 60, 60, 60],icon: 60,wifi: DISABLED,bt: ENABLED, throttle: 0x0
2024-02-08 07:43:29.486155,median: 60.00, [63, 60, 60, 60, 60],icon: 60,wifi: DISABLED,bt: ENABLED, throttle: 0x0
2024-02-08 07:43:39.527517,median: 60.00, [60, 60, 60, 60, 60],icon: 60,wifi: DISABLED,bt: ENABLED, throttle: 0x0
2024-02-08 07:43:49.569005,median: 60.00, [60, 60, 60, 60, 60],icon: 60,wifi: DISABLED,bt: ENABLED, throttle: 0x0
2024-02-08 07:43:59.614653,median: 58.00, [60, 60, 60, 60, 58],icon: 60,wifi: DISABLED,bt: ENABLED, throttle: 0x0
2024-02-08 07:44:09.658691,median: 58.00, [60, 60, 60, 58, 58],icon: 60,wifi: DISABLED,bt: ENABLED, throttle: 0x0
2024-02-08 07:44:19.698538,median: 58.00, [60, 60, 58, 58, 58],icon: 60,wifi: DISABLED,bt: ENABLED, throttle: 0x0
2024-02-08 07:44:29.739924,median: 58.00, [60, 58, 58, 58, 58],icon: 60,wifi: DISABLED,bt: ENABLED, throttle: 0x0
2024-02-08 07:44:39.780153,median: 58.00, [58, 58, 58, 58, 58],icon: 60,wifi: DISABLED,bt: ENABLED, throttle: 0x0
2024-02-08 07:44:49.818804,median: 58.00, [58, 58, 58, 58, 58],icon: 60,wifi: DISABLED,bt: ENABLED, throttle: 0x0
2024-02-08 07:44:59.858356,median: 58.00, [58, 58, 58, 58, 58],icon: 60,wifi: DISABLED,bt: ENABLED, throttle: 0x0
2024-02-08 07:45:09.898040,median: 58.00, [58, 58, 58, 58, 58],icon: 60,wifi: DISABLED,bt: ENABLED, throttle: 0x0
2024-02-08 07:45:19.937894,median: 58.00, [58, 58, 58, 58, 58],icon: 60,wifi: DISABLED,bt: ENABLED, throttle: 0x0
2024-02-08 07:45:29.984411,median: 58.00, [58, 58, 58, 58, 58],icon: 60,wifi: DISABLED,bt: ENABLED, throttle: 0x0
2024-02-08 07:45:40.028774,median: 57.00, [58, 58, 58, 58, 57],icon: 60,wifi: DISABLED,bt: ENABLED, throttle: 0x0
2024-02-08 07:45:50.072163,median: 57.00, [58, 58, 58, 57, 57],icon: 60,wifi: DISABLED,bt: ENABLED, throttle: 0x0
2024-02-08 07:46:00.115057,median: 57.00, [58, 58, 57, 57, 57],icon: 60,wifi: DISABLED,bt: ENABLED, throttle: 0x0
2024-02-08 07:46:10.158230,median: 57.00, [58, 57, 57, 57, 57],icon: 60,wifi: DISABLED,bt: ENABLED, throttle: 0x0
2024-02-08 07:46:20.198650,median: 57.00, [57, 57, 57, 57, 57],icon: 60,wifi: DISABLED,bt: ENABLED, throttle: 0x0
2024-02-08 07:46:30.237811,median: 57.00, [57, 57, 57, 57, 57],icon: 60,wifi: DISABLED,bt: ENABLED, throttle: 0x0
2024-02-08 07:46:40.280174,median: 57.00, [57, 57, 57, 57, 57],icon: 60,wifi: DISABLED,bt: ENABLED, throttle: 0x0
2024-02-08 07:46:50.322571,median: 57.00, [57, 57, 57, 57, 57],icon: 60,wifi: DISABLED,bt: ENABLED, throttle: 0x0
2024-02-08 07:47:00.357452,median: 57.00, [57, 57, 57, 57, 57],icon: 60,wifi: DISABLED,bt: ENABLED, throttle: 0x0
2024-02-08 07:47:10.402048,median: 57.00, [57, 57, 57, 57, 57],icon: 60,wifi: DISABLED,bt: ENABLED, throttle: 0x0
2024-02-08 07:47:20.440299,median: 56.00, [57, 57, 57, 57, 56],icon: 60,wifi: DISABLED,bt: ENABLED, throttle: 0x0
2024-02-08 07:47:30.483615,median: 56.00, [57, 57, 57, 56, 56],icon: 60,wifi: DISABLED,bt: ENABLED, throttle: 0x0
2024-02-08 07:47:40.527308,median: 56.00, [57, 57, 56, 56, 56],icon: 60,wifi: DISABLED,bt: ENABLED, throttle: 0x0
2024-02-08 07:47:50.562423,median: 56.00, [57, 56, 56, 56, 56],icon: 60,wifi: DISABLED,bt: ENABLED, throttle: 0x0
2024-02-08 07:48:00.606264,median: 56.00, [56, 56, 56, 56, 56],icon: 60,wifi: DISABLED,bt: ENABLED, throttle: 0x0
2024-02-08 07:48:10.651194,median: 56.00, [56, 56, 56, 56, 56],icon: 60,wifi: DISABLED,bt: ENABLED, throttle: 0x0
2024-02-08 07:48:20.687463,median: 56.00, [56, 56, 56, 56, 56],icon: 60,wifi: DISABLED,bt: ENABLED, throttle: 0x0
2024-02-08 07:48:30.729846,median: 56.00, [56, 56, 56, 56, 56],icon: 60,wifi: DISABLED,bt: ENABLED, throttle: 0x0
2024-02-08 07:48:40.768557,median: 56.00, [56, 56, 56, 56, 56],icon: 60,wifi: DISABLED,bt: ENABLED, throttle: 0x0
2024-02-08 07:48:50.816734,median: 56.00, [56, 56, 56, 56, 56],icon: 60,wifi: DISABLED,bt: ENABLED, throttle: 0x0
2024-02-08 07:49:00.858428,median: 56.00, [56, 56, 56, 56, 56],icon: 60,wifi: DISABLED,bt: ENABLED, throttle: 0x0
2024-02-08 07:49:10.904965,median: 56.00, [56, 56, 56, 56, 56],icon: 60,wifi: DISABLED,bt: ENABLED, throttle: 0x0
2024-02-08 07:49:20.948083,median: 56.00, [56, 56, 56, 56, 56],icon: 60,wifi: DISABLED,bt: ENABLED, throttle: 0x0
2024-02-08 07:49:30.989398,median: 56.00, [56, 56, 56, 56, 56],icon: 60,wifi: DISABLED,bt: ENABLED, throttle: 0x0
2024-02-08 07:49:41.028080,median: 56.00, [56, 56, 56, 56, 56],icon: 60,wifi: DISABLED,bt: ENABLED, throttle: 0x0
2024-02-08 07:49:51.068441,median: 56.00, [56, 56, 56, 56, 56],icon: 60,wifi: DISABLED,bt: ENABLED, throttle: 0x0
2024-02-08 07:50:01.111659,median: 56.00, [56, 56, 56, 56, 56],icon: 60,wifi: DISABLED,bt: ENABLED, throttle: 0x0
2024-02-08 07:50:11.150241,median: 55.00, [56, 56, 56, 56, 55],icon: 60,wifi: DISABLED,bt: ENABLED, throttle: 0x0
2024-02-08 07:50:21.195237,median: 55.00, [56, 56, 56, 55, 55],icon: 60,wifi: DISABLED,bt: ENABLED, throttle: 0x0
2024-02-08 07:50:31.239578,median: 55.00, [56, 56, 55, 55, 55],icon: 60,wifi: DISABLED,bt: ENABLED, throttle: 0x0
2024-02-08 07:50:41.278927,median: 55.00, [56, 55, 55, 55, 55],icon: 60,wifi: DISABLED,bt: ENABLED, throttle: 0x0
2024-02-08 07:50:51.327890,median: 55.00, [55, 55, 55, 55, 55],icon: 60,wifi: DISABLED,bt: ENABLED, throttle: 0x0
2024-02-08 07:51:01.368186,median: 55.00, [55, 55, 55, 55, 55],icon: 60,wifi: DISABLED,bt: ENABLED, throttle: 0x0
2024-02-08 07:51:11.410340,median: 54.00, [55, 55, 55, 55, 54],icon: 60,wifi: DISABLED,bt: ENABLED, throttle: 0x0
2024-02-08 07:51:21.448383,median: 54.00, [55, 55, 55, 54, 54],icon: 60,wifi: DISABLED,bt: ENABLED, throttle: 0x0
2024-02-08 07:51:31.491282,median: 54.00, [55, 55, 54, 54, 54],icon: 60,wifi: DISABLED,bt: ENABLED, throttle: 0x0
2024-02-08 07:51:41.528361,median: 54.00, [55, 54, 54, 54, 54],icon: 60,wifi: DISABLED,bt: ENABLED, throttle: 0x0
2024-02-08 07:51:51.570716,median: 53.00, [54, 54, 54, 54, 53],icon: 60,wifi: DISABLED,bt: ENABLED, throttle: 0x0
2024-02-08 07:52:01.611850,median: 53.00, [54, 54, 54, 53, 53],icon: 60,wifi: DISABLED,bt: ENABLED, throttle: 0x0
2024-02-08 07:52:11.657582,median: 53.00, [54, 54, 53, 53, 53],icon: 50,wifi: DISABLED,bt: ENABLED, throttle: 0x0
2024-02-08 07:52:21.698476,median: 53.00, [54, 53, 53, 53, 53],icon: 50,wifi: DISABLED,bt: ENABLED, throttle: 0x0
2024-02-08 07:52:31.737645,median: 53.00, [53, 53, 53, 53, 53],icon: 50,wifi: DISABLED,bt: ENABLED, throttle: 0x0
2024-02-08 07:52:41.778545,median: 53.00, [53, 53, 53, 53, 53],icon: 50,wifi: DISABLED,bt: ENABLED, throttle: 0x0
2024-02-08 07:52:51.818350,median: 53.00, [53, 53, 53, 53, 53],icon: 50,wifi: DISABLED,bt: ENABLED, throttle: 0x0
2024-02-08 07:53:01.858231,median: 53.00, [53, 53, 53, 53, 53],icon: 50,wifi: DISABLED,bt: ENABLED, throttle: 0x0
2024-02-08 07:53:11.895828,median: 53.00, [53, 53, 53, 53, 53],icon: 50,wifi: DISABLED,bt: ENABLED, throttle: 0x0
2024-02-08 07:53:21.938049,median: 53.00, [53, 53, 53, 53, 53],icon: 50,wifi: DISABLED,bt: ENABLED, throttle: 0x0
2024-02-08 07:53:31.978497,median: 53.00, [53, 53, 53, 53, 53],icon: 50,wifi: DISABLED,bt: ENABLED, throttle: 0x0
2024-02-08 07:53:42.019563,median: 53.00, [53, 53, 53, 53, 53],icon: 50,wifi: DISABLED,bt: ENABLED, throttle: 0x0
2024-02-08 07:53:52.055210,median: 53.00, [53, 53, 53, 53, 53],icon: 50,wifi: DISABLED,bt: ENABLED, throttle: 0x0
2024-02-08 07:54:02.095078,median: 53.00, [53, 53, 53, 53, 53],icon: 50,wifi: DISABLED,bt: ENABLED, throttle: 0x0
2024-02-08 07:54:12.121561,median: 53.00, [53, 53, 53, 53, 53],icon: 50,wifi: DISABLED,bt: ENABLED, throttle: 0x0
2024-02-08 07:54:22.171473,median: 53.00, [53, 53, 53, 53, 53],icon: 50,wifi: DISABLED,bt: ENABLED, throttle: 0x0
2024-02-08 07:54:32.222888,median: 53.00, [53, 53, 53, 53, 53],icon: 50,wifi: DISABLED,bt: ENABLED, throttle: 0x0
2024-02-08 07:54:42.260599,median: 53.00, [53, 53, 53, 53, 53],icon: 50,wifi: DISABLED,bt: ENABLED, throttle: 0x0
2024-02-08 07:54:52.305587,median: 53.00, [53, 53, 53, 53, 53],icon: 50,wifi: DISABLED,bt: ENABLED, throttle: 0x0
2024-02-08 07:55:02.348076,median: 53.00, [53, 53, 53, 53, 53],icon: 50,wifi: DISABLED,bt: ENABLED, throttle: 0x0
2024-02-08 07:55:12.397693,median: 53.00, [53, 53, 53, 53, 53],icon: 50,wifi: DISABLED,bt: ENABLED, throttle: 0x0
2024-02-08 07:55:22.445529,median: 53.00, [53, 53, 53, 53, 53],icon: 50,wifi: DISABLED,bt: ENABLED, throttle: 0x0
2024-02-08 07:55:32.496892,median: 53.00, [53, 53, 53, 53, 53],icon: 50,wifi: DISABLED,bt: ENABLED, throttle: 0x0
2024-02-08 07:55:42.550242,median: 53.00, [53, 53, 53, 53, 53],icon: 50,wifi: DISABLED,bt: ENABLED, throttle: 0x0
2024-02-08 07:55:52.601713,median: 53.00, [53, 53, 53, 53, 53],icon: 50,wifi: DISABLED,bt: ENABLED, throttle: 0x0
2024-02-08 07:56:02.649112,median: 53.00, [53, 53, 53, 53, 53],icon: 50,wifi: DISABLED,bt: ENABLED, throttle: 0x0
2024-02-08 07:56:12.671876,median: 53.00, [53, 53, 53, 53, 53],icon: 50,wifi: DISABLED,bt: ENABLED, throttle: 0x0
2024-02-08 07:56:22.715185,median: 53.00, [53, 53, 53, 53, 53],icon: 50,wifi: DISABLED,bt: ENABLED, throttle: 0x0
2024-02-08 07:56:32.769752,median: 52.00, [53, 53, 53, 53, 52],icon: 50,wifi: DISABLED,bt: ENABLED, throttle: 0x0
2024-02-08 07:56:42.822114,median: 52.00, [53, 53, 53, 52, 52],icon: 50,wifi: DISABLED,bt: ENABLED, throttle: 0x0
2024-02-08 07:56:52.887844,median: 52.00, [53, 53, 52, 52, 52],icon: 50,wifi: DISABLED,bt: ENABLED, throttle: 0x0
2024-02-08 07:57:02.936590,median: 52.00, [53, 52, 52, 52, 52],icon: 50,wifi: DISABLED,bt: ENABLED, throttle: 0x0
2024-02-08 07:57:12.979740,median: 52.00, [52, 52, 52, 52, 52],icon: 50,wifi: DISABLED,bt: ENABLED, throttle: 0x0
2024-02-08 07:57:23.028427,median: 52.00, [52, 52, 52, 52, 52],icon: 50,wifi: DISABLED,bt: ENABLED, throttle: 0x0
2024-02-08 07:57:33.085975,median: 52.00, [52, 52, 52, 52, 52],icon: 50,wifi: DISABLED,bt: ENABLED, throttle: 0x0
2024-02-08 07:57:43.134360,median: 52.00, [52, 52, 52, 52, 52],icon: 50,wifi: DISABLED,bt: ENABLED, throttle: 0x0
2024-02-08 07:57:53.186722,median: 52.00, [52, 52, 52, 52, 52],icon: 50,wifi: DISABLED,bt: ENABLED, throttle: 0x0
2024-02-08 07:58:03.245631,median: 52.00, [52, 52, 52, 52, 52],icon: 50,wifi: DISABLED,bt: ENABLED, throttle: 0x0
2024-02-08 07:58:13.286522,median: 52.00, [52, 52, 52, 52, 52],icon: 50,wifi: DISABLED,bt: ENABLED, throttle: 0x0
['1024', '600']
2024-02-08 07:58:42.781238,median: 100.00, [100],icon: full,wifi: DISABLED,bt: ENABLED, throttle: 0x0
2024-02-08 07:58:52.826654,median: 68.00, [100, 68],icon: 90,wifi: DISABLED,bt: ENABLED, throttle: 0x0
2024-02-08 07:59:24.311379,median: 68.00, [100, 68, 68],icon: 60,wifi: DISABLED,bt: ENABLED, throttle: 0x0
2024-02-08 07:59:34.350449,median: 68.00, [100, 68, 68, 68],icon: 60,wifi: DISABLED,bt: ENABLED, throttle: 0x0
2024-02-08 07:59:44.388740,median: 68.00, [100, 68, 68, 68, 68],icon: 60,wifi: DISABLED,bt: ENABLED, throttle: 0x0
2024-02-08 07:59:54.411295,median: 68.00, [68, 68, 68, 68, 68],icon: 60,wifi: DISABLED,bt: ENABLED, throttle: 0x0
2024-02-08 08:00:04.450140,median: 68.00, [68, 68, 68, 68, 68],icon: 60,wifi: DISABLED,bt: ENABLED, throttle: 0x0
2024-02-08 08:00:14.490332,median: 68.00, [68, 68, 68, 68, 68],icon: 60,wifi: DISABLED,bt: ENABLED, throttle: 0x0
2024-02-08 08:00:24.524445,median: 68.00, [68, 68, 68, 68, 68],icon: 60,wifi: DISABLED,bt: ENABLED, throttle: 0x0
2024-02-08 08:00:34.565213,median: 68.00, [68, 68, 68, 68, 68],icon: 60,wifi: DISABLED,bt: ENABLED, throttle: 0x0
2024-02-08 08:00:44.589503,median: 68.00, [68, 68, 68, 68, 68],icon: 60,wifi: DISABLED,bt: ENABLED, throttle: 0x0
2024-02-08 08:00:54.634378,median: 68.00, [68, 68, 68, 68, 68],icon: 60,wifi: DISABLED,bt: ENABLED, throttle: 0x0
2024-02-08 08:01:04.680221,median: 68.00, [68, 68, 68, 68, 68],icon: 60,wifi: DISABLED,bt: ENABLED, throttle: 0x0
2024-02-08 08:01:14.733361,median: 62.00, [68, 68, 68, 68, 62],icon: 60,wifi: DISABLED,bt: ENABLED, throttle: 0x0
2024-02-08 08:01:24.779312,median: 62.00, [68, 68, 68, 62, 62],icon: 60,wifi: DISABLED,bt: ENABLED, throttle: 0x0
2024-02-08 08:01:34.808741,median: 62.00, [68, 68, 62, 62, 62],icon: 60,wifi: DISABLED,bt: ENABLED, throttle: 0x0
2024-02-08 08:01:44.858794,median: 62.00, [68, 62, 62, 62, 62],icon: 60,wifi: DISABLED,bt: ENABLED, throttle: 0x0
2024-02-08 08:01:54.898256,median: 62.00, [62, 62, 62, 62, 62],icon: 60,wifi: DISABLED,bt: ENABLED, throttle: 0x0
2024-02-08 08:02:04.947409,median: 62.00, [62, 62, 62, 62, 62],icon: 60,wifi: DISABLED,bt: ENABLED, throttle: 0x0
2024-02-08 08:02:14.997846,median: 59.00, [62, 62, 62, 62, 59],icon: 60,wifi: DISABLED,bt: ENABLED, throttle: 0x0
2024-02-08 08:02:25.045135,median: 59.00, [62, 62, 62, 59, 59],icon: 60,wifi: DISABLED,bt: ENABLED, throttle: 0x0
2024-02-08 08:02:35.083863,median: 59.00, [62, 62, 59, 59, 59],icon: 60,wifi: DISABLED,bt: ENABLED, throttle: 0x0
['1024', '600']
2024-02-08 08:02:56.713630,median: 100.00, [100],icon: full,wifi: DISABLED,bt: CONNECTED, throttle: 0x0
2024-02-08 08:03:06.765434,median: 67.00, [100, 67],icon: 90,wifi: DISABLED,bt: CONNECTED, throttle: 0x0
2024-02-08 08:03:48.766166,median: 67.00, [100, 67, 67],icon: 60,wifi: DISABLED,bt: CONNECTED, throttle: 0x0
2024-02-08 08:03:58.798574,median: 67.00, [100, 67, 67, 67],icon: 60,wifi: DISABLED,bt: CONNECTED, throttle: 0x0
2024-02-08 08:04:08.839359,median: 67.00, [100, 67, 67, 67, 67],icon: 60,wifi: DISABLED,bt: CONNECTED, throttle: 0x0
2024-02-08 08:04:18.878286,median: 67.00, [67, 67, 67, 67, 67],icon: 60,wifi: DISABLED,bt: CONNECTED, throttle: 0x0
['1024', '600']
2024-02-08 08:04:51.337628,median: 62.00, [62],icon: 60,wifi: DISABLED,bt: ENABLED, throttle: 0x0
2024-02-08 08:05:01.361046,median: 62.00, [62, 62],icon: 60,wifi: DISABLED,bt: ENABLED, throttle: 0x0
2024-02-08 08:05:28.940239,median: 62.00, [62, 62, 62],icon: 60,wifi: DISABLED,bt: ENABLED, throttle: 0x0
2024-02-08 08:05:38.981449,median: 62.00, [62, 62, 62, 62],icon: 60,wifi: DISABLED,bt: ENABLED, throttle: 0x0
2024-02-08 08:05:49.018462,median: 62.00, [62, 62, 62, 62, 62],icon: 60,wifi: DISABLED,bt: ENABLED, throttle: 0x0
2024-02-08 08:05:59.060501,median: 60.00, [62, 62, 62, 62, 60],icon: 60,wifi: DISABLED,bt: ENABLED, throttle: 0x0
2024-02-08 08:06:09.098818,median: 60.00, [62, 62, 62, 60, 60],icon: 60,wifi: DISABLED,bt: ENABLED, throttle: 0x0
2024-02-08 08:06:19.136180,median: 60.00, [62, 62, 60, 60, 60],icon: 60,wifi: DISABLED,bt: ENABLED, throttle: 0x0
2024-02-08 08:06:29.186032,median: 60.00, [62, 60, 60, 60, 60],icon: 60,wifi: DISABLED,bt: ENABLED, throttle: 0x0
2024-02-08 08:06:39.523741,median: 60.00, [60, 60, 60, 60, 60],icon: 60,wifi: DISABLED,bt: ENABLED, throttle: 0x0
2024-02-08 08:06:49.559000,median: 60.00, [60, 60, 60, 60, 60],icon: 60,wifi: DISABLED,bt: ENABLED, throttle: 0x0
2024-02-08 08:06:59.619190,median: 57.00, [60, 60, 60, 60, 57],icon: 60,wifi: DISABLED,bt: CONNECTED, throttle: 0x0
2024-02-08 08:07:09.661157,median: 57.00, [60, 60, 60, 57, 57],icon: 60,wifi: DISABLED,bt: CONNECTED, throttle: 0x0
2024-02-08 08:07:19.706629,median: 57.00, [60, 60, 57, 57, 57],icon: 60,wifi: DISABLED,bt: CONNECTED, throttle: 0x0
2024-02-08 08:07:29.748881,median: 57.00, [60, 57, 57, 57, 57],icon: 60,wifi: DISABLED,bt: CONNECTED, throttle: 0x0
2024-02-08 08:07:39.788495,median: 55.00, [57, 57, 57, 57, 55],icon: 60,wifi: DISABLED,bt: CONNECTED, throttle: 0x0
2024-02-08 08:07:49.822181,median: 55.00, [57, 57, 57, 55, 55],icon: 60,wifi: DISABLED,bt: CONNECTED, throttle: 0x0
2024-02-08 08:07:59.845013,median: 55.00, [57, 57, 55, 55, 55],icon: 60,wifi: DISABLED,bt: CONNECTED, throttle: 0x0
2024-02-08 08:08:09.869225,median: 55.00, [57, 55, 55, 55, 55],icon: 60,wifi: DISABLED,bt: CONNECTED, throttle: 0x0
2024-02-08 08:08:19.895961,median: 55.00, [55, 55, 55, 55, 55],icon: 60,wifi: DISABLED,bt: CONNECTED, throttle: 0x0
2024-02-08 08:08:29.924985,median: 55.00, [55, 55, 55, 55, 55],icon: 60,wifi: DISABLED,bt: CONNECTED, throttle: 0x0
2024-02-08 08:08:39.948637,median: 52.00, [55, 55, 55, 55, 52],icon: 60,wifi: DISABLED,bt: CONNECTED, throttle: 0x0
2024-02-08 08:08:49.977900,median: 52.00, [55, 55, 55, 52, 52],icon: 60,wifi: DISABLED,bt: CONNECTED, throttle: 0x0
2024-02-08 08:09:00.048452,median: 52.00, [55, 55, 52, 52, 52],icon: 50,wifi: DISABLED,bt: CONNECTED, throttle: 0x0
2024-02-08 08:09:10.090400,median: 52.00, [55, 52, 52, 52, 52],icon: 50,wifi: DISABLED,bt: CONNECTED, throttle: 0x0
2024-02-08 08:09:20.120022,median: 50.00, [52, 52, 52, 52, 50],icon: 50,wifi: DISABLED,bt: CONNECTED, throttle: 0x0
2024-02-08 08:09:30.144196,median: 50.00, [52, 52, 52, 50, 50],icon: 50,wifi: DISABLED,bt: CONNECTED, throttle: 0x0
2024-02-08 08:09:40.189679,median: 50.00, [52, 52, 50, 50, 50],icon: 50,wifi: DISABLED,bt: CONNECTED, throttle: 0x0
2024-02-08 08:09:50.214854,median: 50.00, [52, 50, 50, 50, 50],icon: 50,wifi: DISABLED,bt: CONNECTED, throttle: 0x0
2024-02-08 08:10:00.251434,median: 48.00, [50, 50, 50, 50, 48],icon: 50,wifi: DISABLED,bt: CONNECTED, throttle: 0x0
2024-02-08 08:10:10.289315,median: 48.00, [50, 50, 50, 48, 48],icon: 50,wifi: DISABLED,bt: CONNECTED, throttle: 0x0
2024-02-08 08:10:20.331798,median: 48.00, [50, 50, 48, 48, 48],icon: 50,wifi: DISABLED,bt: CONNECTED, throttle: 0x0
2024-02-08 08:10:30.370162,median: 48.00, [50, 48, 48, 48, 48],icon: 50,wifi: DISABLED,bt: CONNECTED, throttle: 0x0
2024-02-08 08:10:40.414425,median: 48.00, [48, 48, 48, 48, 48],icon: 50,wifi: DISABLED,bt: CONNECTED, throttle: 0x0
2024-02-08 08:10:50.442747,median: 48.00, [48, 48, 48, 48, 48],icon: 50,wifi: DISABLED,bt: CONNECTED, throttle: 0x0
2024-02-08 08:11:00.475369,median: 46.00, [48, 48, 48, 48, 46],icon: 50,wifi: DISABLED,bt: CONNECTED, throttle: 0x0
2024-02-08 08:11:10.515011,median: 46.00, [48, 48, 48, 46, 46],icon: 50,wifi: DISABLED,bt: CONNECTED, throttle: 0x0
2024-02-08 08:11:20.556561,median: 46.00, [48, 48, 46, 46, 46],icon: 50,wifi: DISABLED,bt: CONNECTED, throttle: 0x0
2024-02-08 08:11:30.584659,median: 46.00, [48, 46, 46, 46, 46],icon: 50,wifi: DISABLED,bt: CONNECTED, throttle: 0x0
2024-02-08 08:11:40.618646,median: 46.00, [46, 46, 46, 46, 46],icon: 50,wifi: DISABLED,bt: CONNECTED, throttle: 0x0
2024-02-08 08:11:50.644500,median: 46.00, [46, 46, 46, 46, 46],icon: 50,wifi: DISABLED,bt: CONNECTED, throttle: 0x0
2024-02-08 08:12:00.685374,median: 46.00, [46, 46, 46, 46, 46],icon: 50,wifi: DISABLED,bt: CONNECTED, throttle: 0x0
2024-02-08 08:12:10.730453,median: 46.00, [46, 46, 46, 46, 46],icon: 50,wifi: DISABLED,bt: CONNECTED, throttle: 0x0
2024-02-08 08:12:20.778123,median: 47.00, [46, 46, 46, 46, 47],icon: 50,wifi: DISABLED,bt: CONNECTED, throttle: 0x0
2024-02-08 08:12:30.825852,median: 47.00, [46, 46, 46, 47, 47],icon: 50,wifi: DISABLED,bt: CONNECTED, throttle: 0x0
2024-02-08 08:12:40.865802,median: 47.00, [46, 46, 47, 47, 47],icon: 50,wifi: DISABLED,bt: CONNECTED, throttle: 0x0
2024-02-08 08:12:50.891081,median: 47.00, [46, 47, 47, 47, 47],icon: 50,wifi: DISABLED,bt: CONNECTED, throttle: 0x0
2024-02-08 08:13:00.932714,median: 47.00, [47, 47, 47, 47, 47],icon: 50,wifi: DISABLED,bt: CONNECTED, throttle: 0x0
['1024', '600']
2024-02-08 08:13:24.680878,median: 100.00, [100],icon: full,wifi: DISABLED,bt: ENABLED, throttle: 0x0
2024-02-08 08:13:34.731052,median: 71.00, [100, 71],icon: 90,wifi: DISABLED,bt: ENABLED, throttle: 0x0
2024-02-08 08:29:24.554698,median: 71.00, [100, 71, 71],icon: 80,wifi: DISABLED,bt: ENABLED, throttle: 0x0
2024-02-08 08:29:34.595923,median: 71.00, [100, 71, 71, 71],icon: 80,wifi: DISABLED,bt: ENABLED, throttle: 0x0
2024-02-08 08:29:44.631434,median: 71.00, [100, 71, 71, 71, 71],icon: 80,wifi: DISABLED,bt: ENABLED, throttle: 0x0
2024-02-08 08:29:54.671781,median: 71.00, [71, 71, 71, 71, 71],icon: 80,wifi: DISABLED,bt: ENABLED, throttle: 0x0
2024-02-08 08:30:04.708313,median: 71.00, [71, 71, 71, 71, 71],icon: 80,wifi: DISABLED,bt: ENABLED, throttle: 0x0
2024-02-08 08:30:14.752463,median: 68.00, [71, 71, 71, 71, 68],icon: 80,wifi: DISABLED,bt: ENABLED, throttle: 0x0
2024-02-08 08:30:24.778024,median: 68.00, [71, 71, 71, 68, 68],icon: 80,wifi: DISABLED,bt: ENABLED, throttle: 0x0
2024-02-08 08:30:34.836575,median: 68.00, [71, 71, 68, 68, 68],icon: 60,wifi: DISABLED,bt: ENABLED, throttle: 0x0
2024-02-08 08:30:44.872146,median: 68.00, [71, 68, 68, 68, 68],icon: 60,wifi: DISABLED,bt: ENABLED, throttle: 0x0
2024-02-08 08:30:54.898261,median: 68.00, [68, 68, 68, 68, 68],icon: 60,wifi: DISABLED,bt: ENABLED, throttle: 0x0
2024-02-08 08:31:04.916677,median: 68.00, [68, 68, 68, 68, 68],icon: 60,wifi: DISABLED,bt: ENABLED, throttle: 0x0
2024-02-08 08:31:14.940785,median: 64.00, [68, 68, 68, 68, 64],icon: 60,wifi: DISABLED,bt: ENABLED, throttle: 0x0
2024-02-08 08:31:24.989784,median: 64.00, [68, 68, 68, 64, 64],icon: 60,wifi: DISABLED,bt: ENABLED, throttle: 0x0
2024-02-08 08:31:35.315004,median: 64.00, [68, 68, 64, 64, 64],icon: 60,wifi: DISABLED,bt: ENABLED, throttle: 0x0
2024-02-08 08:31:53.721498,median: 64.00, [68, 64, 64, 64, 64],icon: 60,wifi: DISABLED,bt: ENABLED, throttle: 0x0
2024-02-08 08:32:10.573061,median: 64.00, [64, 64, 64, 64, 64],icon: 60,wifi: DISABLED,bt: ENABLED, throttle: 0x0
2024-02-08 08:32:20.624961,median: 64.00, [64, 64, 64, 64, 64],icon: 60,wifi: DISABLED,bt: ENABLED, throttle: 0x0
2024-02-08 08:32:31.064464,median: 64.00, [64, 64, 64, 64, 64],icon: 60,wifi: DISABLED,bt: ENABLED, throttle: 0x0
2024-02-08 08:32:42.569251,median: 64.00, [64, 64, 64, 64, 64],icon: 60,wifi: DISABLED,bt: ENABLED, throttle: 0x0
2024-02-08 08:32:54.912354,median: 64.00, [64, 64, 64, 64, 64],icon: 60,wifi: DISABLED,bt: ENABLED, throttle: 0x0
2024-02-08 08:33:04.958266,median: 64.00, [64, 64, 64, 64, 64],icon: 60,wifi: DISABLED,bt: ENABLED, throttle: 0x0
2024-02-08 08:33:14.986020,median: 64.00, [64, 64, 64, 64, 64],icon: 60,wifi: DISABLED,bt: ENABLED, throttle: 0x0
2024-02-08 08:33:26.787369,median: 64.00, [64, 64, 64, 64, 64],icon: 60,wifi: DISABLED,bt: ENABLED, throttle: 0x0
2024-02-08 08:33:36.814631,median: 58.00, [64, 64, 64, 64, 58],icon: 60,wifi: DISABLED,bt: ENABLED, throttle: 0x0
2024-02-08 08:33:46.838024,median: 58.00, [64, 64, 64, 58, 58],icon: 60,wifi: DISABLED,bt: ENABLED, throttle: 0x0
2024-02-08 08:33:56.865370,median: 58.00, [64, 64, 58, 58, 58],icon: 60,wifi: DISABLED,bt: ENABLED, throttle: 0x0
2024-02-08 08:34:06.888445,median: 58.00, [64, 58, 58, 58, 58],icon: 60,wifi: DISABLED,bt: ENABLED, throttle: 0x0
2024-02-08 08:34:16.998251,median: 58.00, [58, 58, 58, 58, 58],icon: 60,wifi: DISABLED,bt: ENABLED, throttle: 0x0
2024-02-08 08:34:27.020844,median: 55.00, [58, 58, 58, 58, 55],icon: 60,wifi: DISABLED,bt: ENABLED, throttle: 0x0
2024-02-08 08:34:37.049504,median: 55.00, [58, 58, 58, 55, 55],icon: 60,wifi: DISABLED,bt: ENABLED, throttle: 0x0
2024-02-08 08:34:47.093013,median: 55.00, [58, 58, 55, 55, 55],icon: 60,wifi: DISABLED,bt: ENABLED, throttle: 0x0
2024-02-08 08:34:57.140991,median: 55.00, [58, 55, 55, 55, 55],icon: 60,wifi: DISABLED,bt: ENABLED, throttle: 0x0
2024-02-08 08:35:07.193410,median: 55.00, [55, 55, 55, 55, 55],icon: 60,wifi: DISABLED,bt: ENABLED, throttle: 0x0
2024-02-08 08:35:17.249825,median: 55.00, [55, 55, 55, 55, 55],icon: 60,wifi: DISABLED,bt: ENABLED, throttle: 0x0
2024-02-08 08:35:27.294421,median: 55.00, [55, 55, 55, 55, 55],icon: 60,wifi: DISABLED,bt: ENABLED, throttle: 0x0
2024-02-08 08:35:37.340843,median: 51.00, [55, 55, 55, 55, 51],icon: 60,wifi: DISABLED,bt: ENABLED, throttle: 0x0
2024-02-08 08:35:47.393549,median: 51.00, [55, 55, 55, 51, 51],icon: 60,wifi: DISABLED,bt: ENABLED, throttle: 0x0
2024-02-08 08:35:57.457653,median: 50.00, [55, 55, 51, 51, 50],icon: 50,wifi: DISABLED,bt: ENABLED, throttle: 0x0
2024-02-08 08:36:07.510314,median: 50.00, [55, 51, 51, 50, 50],icon: 50,wifi: DISABLED,bt: ENABLED, throttle: 0x0
2024-02-08 08:36:17.555152,median: 50.00, [51, 51, 50, 50, 50],icon: 50,wifi: DISABLED,bt: ENABLED, throttle: 0x0
2024-02-08 08:36:27.603551,median: 50.00, [51, 50, 50, 50, 50],icon: 50,wifi: DISABLED,bt: ENABLED, throttle: 0x0
2024-02-08 08:36:40.651107,median: 50.00, [50, 50, 50, 50, 50],icon: 50,wifi: DISABLED,bt: ENABLED, throttle: 0x0
2024-02-08 08:36:50.703194,median: 50.00, [50, 50, 50, 50, 50],icon: 50,wifi: DISABLED,bt: ENABLED, throttle: 0x0
2024-02-08 08:37:00.754869,median: 50.00, [50, 50, 50, 50, 50],icon: 50,wifi: DISABLED,bt: ENABLED, throttle: 0x0
2024-02-08 08:37:10.798461,median: 50.00, [50, 50, 50, 50, 50],icon: 50,wifi: DISABLED,bt: ENABLED, throttle: 0x0
2024-02-08 08:37:20.851071,median: 50.00, [50, 50, 50, 50, 50],icon: 50,wifi: DISABLED,bt: ENABLED, throttle: 0x0
2024-02-08 08:37:30.878676,median: 50.00, [50, 50, 50, 50, 50],icon: 50,wifi: DISABLED,bt: ENABLED, throttle: 0x0
2024-02-08 08:37:40.931133,median: 50.00, [50, 50, 50, 50, 50],icon: 50,wifi: DISABLED,bt: ENABLED, throttle: 0x0
2024-02-08 08:37:50.982862,median: 50.00, [50, 50, 50, 50, 50],icon: 50,wifi: DISABLED,bt: ENABLED, throttle: 0x0
2024-02-08 08:38:05.974866,median: 50.00, [50, 50, 50, 50, 50],icon: 50,wifi: DISABLED,bt: ENABLED, throttle: 0x0
2024-02-08 08:38:16.025740,median: 46.00, [50, 50, 50, 50, 46],icon: 50,wifi: DISABLED,bt: ENABLED, throttle: 0x0
2024-02-08 08:38:26.074309,median: 46.00, [50, 50, 50, 46, 46],icon: 50,wifi: DISABLED,bt: ENABLED, throttle: 0x0
2024-02-08 08:38:36.119603,median: 46.00, [50, 50, 46, 46, 46],icon: 50,wifi: DISABLED,bt: ENABLED, throttle: 0x0
2024-02-08 08:38:46.170052,median: 46.00, [50, 46, 46, 46, 46],icon: 50,wifi: DISABLED,bt: ENABLED, throttle: 0x0
2024-02-08 08:38:56.222593,median: 46.00, [46, 46, 46, 46, 46],icon: 50,wifi: DISABLED,bt: ENABLED, throttle: 0x0
2024-02-08 08:39:06.254805,median: 46.00, [46, 46, 46, 46, 46],icon: 50,wifi: DISABLED,bt: ENABLED, throttle: 0x0
2024-02-08 08:39:16.283276,median: 46.00, [46, 46, 46, 46, 46],icon: 50,wifi: DISABLED,bt: ENABLED, throttle: 0x0
2024-02-08 08:39:28.718842,median: 46.00, [46, 46, 46, 46, 46],icon: 50,wifi: DISABLED,bt: ENABLED, throttle: 0x0
2024-02-08 08:39:38.771194,median: 46.00, [46, 46, 46, 46, 46],icon: 50,wifi: DISABLED,bt: ENABLED, throttle: 0x0
2024-02-08 08:39:48.823705,median: 46.00, [46, 46, 46, 46, 46],icon: 50,wifi: DISABLED,bt: ENABLED, throttle: 0x0
2024-02-08 08:39:58.875675,median: 46.00, [46, 46, 46, 46, 46],icon: 50,wifi: DISABLED,bt: ENABLED, throttle: 0x0
2024-02-08 08:40:14.725882,median: 45.00, [46, 46, 46, 46, 45],icon: 50,wifi: DISABLED,bt: ENABLED, throttle: 0x0
2024-02-08 08:40:26.511856,median: 45.00, [46, 46, 46, 45, 45],icon: 50,wifi: DISABLED,bt: ENABLED, throttle: 0x0
2024-02-08 08:40:36.570410,median: 45.00, [46, 46, 45, 45, 45],icon: 30,wifi: DISABLED,bt: ENABLED, throttle: 0x0
2024-02-08 08:40:53.453589,median: 45.00, [46, 45, 45, 45, 45],icon: 30,wifi: DISABLED,bt: ENABLED, throttle: 0x0
2024-02-08 08:41:03.502604,median: 45.00, [45, 45, 45, 45, 45],icon: 30,wifi: DISABLED,bt: ENABLED, throttle: 0x0
2024-02-08 08:41:13.555017,median: 45.00, [45, 45, 45, 45, 45],icon: 30,wifi: DISABLED,bt: ENABLED, throttle: 0x0
2024-02-08 08:41:32.692662,median: 45.00, [45, 45, 45, 45, 45],icon: 30,wifi: DISABLED,bt: ENABLED, throttle: 0x0
2024-02-08 08:41:42.741405,median: 45.00, [45, 45, 45, 45, 45],icon: 30,wifi: DISABLED,bt: ENABLED, throttle: 0x0
2024-02-08 08:41:52.791198,median: 45.00, [45, 45, 45, 45, 45],icon: 30,wifi: DISABLED,bt: ENABLED, throttle: 0x0
2024-02-08 08:42:02.841421,median: 45.00, [45, 45, 45, 45, 45],icon: 30,wifi: DISABLED,bt: ENABLED, throttle: 0x0
2024-02-08 08:42:21.308124,median: 45.00, [45, 45, 45, 45, 45],icon: 30,wifi: DISABLED,bt: ENABLED, throttle: 0x0
2024-02-08 08:42:31.354187,median: 45.00, [45, 45, 45, 45, 45],icon: 30,wifi: DISABLED,bt: ENABLED, throttle: 0x0
2024-02-08 08:42:41.381469,median: 45.00, [45, 45, 45, 45, 45],icon: 30,wifi: DISABLED,bt: ENABLED, throttle: 0x0
2024-02-08 08:42:51.408017,median: 45.00, [45, 45, 45, 45, 45],icon: 30,wifi: DISABLED,bt: ENABLED, throttle: 0x0
2024-02-08 08:43:01.428159,median: 45.00, [45, 45, 45, 45, 45],icon: 30,wifi: DISABLED,bt: ENABLED, throttle: 0x0
2024-02-08 08:43:12.022940,median: 45.00, [45, 45, 45, 45, 45],icon: 30,wifi: DISABLED,bt: ENABLED, throttle: 0x0
2024-02-08 08:43:22.049696,median: 45.00, [45, 45, 45, 45, 45],icon: 30,wifi: DISABLED,bt: ENABLED, throttle: 0x0
2024-02-08 08:43:32.069655,median: 45.00, [45, 45, 45, 45, 45],icon: 30,wifi: DISABLED,bt: ENABLED, throttle: 0x0
2024-02-08 08:43:47.810649,median: 45.00, [45, 45, 45, 45, 45],icon: 30,wifi: DISABLED,bt: ENABLED, throttle: 0x0
2024-02-08 08:43:57.837841,median: 45.00, [45, 45, 45, 45, 45],icon: 30,wifi: DISABLED,bt: ENABLED, throttle: 0x0
2024-02-08 08:44:07.890349,median: 45.00, [45, 45, 45, 45, 45],icon: 30,wifi: DISABLED,bt: ENABLED, throttle: 0x0
2024-02-08 08:44:17.932981,median: 45.00, [45, 45, 45, 45, 45],icon: 30,wifi: DISABLED,bt: ENABLED, throttle: 0x0
2024-02-08 08:44:35.732234,median: 45.00, [45, 45, 45, 45, 45],icon: 30,wifi: DISABLED,bt: ENABLED, throttle: 0x0
2024-02-08 08:44:45.777721,median: 45.00, [45, 45, 45, 45, 45],icon: 30,wifi: DISABLED,bt: ENABLED, throttle: 0x0
2024-02-08 08:44:55.809996,median: 45.00, [45, 45, 45, 45, 45],icon: 30,wifi: DISABLED,bt: ENABLED, throttle: 0x0
2024-02-08 08:45:05.857942,median: 41.00, [45, 45, 45, 45, 41],icon: 30,wifi: DISABLED,bt: ENABLED, throttle: 0x0
2024-02-08 08:45:21.713473,median: 41.00, [45, 45, 45, 41, 41],icon: 30,wifi: DISABLED,bt: ENABLED, throttle: 0x0
2024-02-08 08:45:31.763115,median: 41.00, [45, 45, 41, 41, 41],icon: 30,wifi: DISABLED,bt: ENABLED, throttle: 0x0
2024-02-08 08:45:41.791302,median: 42.00, [45, 41, 41, 41, 42],icon: 30,wifi: DISABLED,bt: ENABLED, throttle: 0x0
2024-02-08 08:45:51.838308,median: 42.00, [41, 41, 41, 42, 42],icon: 30,wifi: DISABLED,bt: ENABLED, throttle: 0x0
2024-02-08 08:46:01.893588,median: 42.00, [41, 41, 42, 42, 42],icon: 30,wifi: DISABLED,bt: ENABLED, throttle: 0x0
2024-02-08 08:46:18.579226,median: 42.00, [41, 42, 42, 42, 42],icon: 30,wifi: DISABLED,bt: ENABLED, throttle: 0x0
2024-02-08 08:46:28.629584,median: 42.00, [42, 42, 42, 42, 42],icon: 30,wifi: DISABLED,bt: ENABLED, throttle: 0x0
2024-02-08 08:46:38.652252,median: 42.00, [42, 42, 42, 42, 42],icon: 30,wifi: DISABLED,bt: ENABLED, throttle: 0x0
2024-02-08 08:46:48.702849,median: 42.00, [42, 42, 42, 42, 42],icon: 30,wifi: DISABLED,bt: ENABLED, throttle: 0x0
2024-02-08 08:46:59.380891,median: 42.00, [42, 42, 42, 42, 42],icon: 30,wifi: DISABLED,bt: ENABLED, throttle: 0x0
2024-02-08 08:47:09.433487,median: 42.00, [42, 42, 42, 42, 42],icon: 30,wifi: DISABLED,bt: ENABLED, throttle: 0x0
2024-02-08 08:47:19.481446,median: 42.00, [42, 42, 42, 42, 42],icon: 30,wifi: DISABLED,bt: ENABLED, throttle: 0x0
2024-02-08 08:47:29.532627,median: 42.00, [42, 42, 42, 42, 42],icon: 30,wifi: DISABLED,bt: ENABLED, throttle: 0x0
2024-02-08 08:47:43.991987,median: 42.00, [42, 42, 42, 42, 42],icon: 30,wifi: DISABLED,bt: ENABLED, throttle: 0x0
2024-02-08 08:47:54.042733,median: 42.00, [42, 42, 42, 42, 42],icon: 30,wifi: DISABLED,bt: ENABLED, throttle: 0x0
2024-02-08 08:48:04.097436,median: 42.00, [42, 42, 42, 42, 42],icon: 30,wifi: DISABLED,bt: ENABLED, throttle: 0x0
2024-02-08 08:48:14.126496,median: 42.00, [42, 42, 42, 42, 42],icon: 30,wifi: DISABLED,bt: ENABLED, throttle: 0x0
2024-02-08 08:48:24.163409,median: 42.00, [42, 42, 42, 42, 42],icon: 30,wifi: DISABLED,bt: ENABLED, throttle: 0x0
2024-02-08 08:48:34.213606,median: 42.00, [42, 42, 42, 42, 42],icon: 30,wifi: DISABLED,bt: ENABLED, throttle: 0x0
2024-02-08 08:48:44.262771,median: 42.00, [42, 42, 42, 42, 42],icon: 30,wifi: DISABLED,bt: ENABLED, throttle: 0x0
2024-02-08 08:48:54.315348,median: 41.00, [42, 42, 42, 42, 41],icon: 30,wifi: DISABLED,bt: ENABLED, throttle: 0x0
2024-02-08 08:49:04.342995,median: 41.00, [42, 42, 42, 41, 41],icon: 30,wifi: DISABLED,bt: ENABLED, throttle: 0x0
2024-02-08 08:49:14.380632,median: 41.00, [42, 42, 41, 41, 41],icon: 30,wifi: DISABLED,bt: ENABLED, throttle: 0x0
2024-02-08 08:49:24.425881,median: 41.00, [42, 41, 41, 41, 41],icon: 30,wifi: DISABLED,bt: ENABLED, throttle: 0x0
2024-02-08 08:49:40.285005,median: 41.00, [41, 41, 41, 41, 41],icon: 30,wifi: DISABLED,bt: ENABLED, throttle: 0x0
2024-02-08 08:49:50.308736,median: 41.00, [41, 41, 41, 41, 41],icon: 30,wifi: DISABLED,bt: ENABLED, throttle: 0x0
2024-02-08 08:50:00.360295,median: 41.00, [41, 41, 41, 41, 41],icon: 30,wifi: DISABLED,bt: ENABLED, throttle: 0x0
2024-02-08 08:50:10.710286,median: 41.00, [41, 41, 41, 41, 41],icon: 30,wifi: DISABLED,bt: ENABLED, throttle: 0x0
2024-02-08 08:50:20.758714,median: 41.00, [41, 41, 41, 41, 41],icon: 30,wifi: DISABLED,bt: ENABLED, throttle: 0x0
2024-02-08 08:50:33.717926,median: 41.00, [41, 41, 41, 41, 41],icon: 30,wifi: DISABLED,bt: ENABLED, throttle: 0x0
2024-02-08 08:50:43.766452,median: 41.00, [41, 41, 41, 41, 41],icon: 30,wifi: DISABLED,bt: ENABLED, throttle: 0x0
2024-02-08 08:50:57.774254,median: 41.00, [41, 41, 41, 41, 41],icon: 30,wifi: DISABLED,bt: ENABLED, throttle: 0x0
2024-02-08 08:51:07.797838,median: 41.00, [41, 41, 41, 41, 41],icon: 30,wifi: DISABLED,bt: ENABLED, throttle: 0x0
2024-02-08 08:51:17.838393,median: 41.00, [41, 41, 41, 41, 41],icon: 30,wifi: DISABLED,bt: ENABLED, throttle: 0x0
2024-02-08 08:51:27.880786,median: 41.00, [41, 41, 41, 41, 41],icon: 30,wifi: DISABLED,bt: ENABLED, throttle: 0x0
2024-02-08 08:51:37.932781,median: 43.00, [41, 41, 41, 41, 43],icon: 30,wifi: DISABLED,bt: ENABLED, throttle: 0x0
2024-02-08 08:51:47.985364,median: 43.00, [41, 41, 41, 43, 43],icon: 30,wifi: DISABLED,bt: ENABLED, throttle: 0x0
2024-02-08 08:51:58.424066,median: 43.00, [41, 41, 43, 43, 43],icon: 30,wifi: DISABLED,bt: ENABLED, throttle: 0x0
2024-02-08 08:52:08.476364,median: 43.00, [41, 43, 43, 43, 43],icon: 30,wifi: DISABLED,bt: ENABLED, throttle: 0x0
2024-02-08 08:52:18.527453,median: 45.00, [43, 43, 43, 43, 45],icon: 30,wifi: DISABLED,bt: ENABLED, throttle: 0x0
2024-02-08 08:52:28.579926,median: 45.00, [43, 43, 43, 45, 45],icon: 30,wifi: DISABLED,bt: ENABLED, throttle: 0x0
2024-02-08 08:52:38.632469,median: 45.00, [43, 43, 45, 45, 45],icon: 30,wifi: DISABLED,bt: ENABLED, throttle: 0x0
2024-02-08 08:52:54.253125,median: 45.00, [43, 45, 45, 45, 45],icon: 30,wifi: DISABLED,bt: ENABLED, throttle: 0x0
2024-02-08 08:53:04.308206,median: 45.00, [45, 45, 45, 45, 45],icon: 30,wifi: DISABLED,bt: ENABLED, throttle: 0x0
2024-02-08 08:53:14.361146,median: 45.00, [45, 45, 45, 45, 45],icon: 30,wifi: DISABLED,bt: ENABLED, throttle: 0x0
2024-02-08 08:53:24.411738,median: 45.00, [45, 45, 45, 45, 45],icon: 30,wifi: DISABLED,bt: ENABLED, throttle: 0x0
2024-02-08 08:53:34.436080,median: 45.00, [45, 45, 45, 45, 45],icon: 30,wifi: DISABLED,bt: ENABLED, throttle: 0x0
2024-02-08 08:53:44.471199,median: 45.00, [45, 45, 45, 45, 45],icon: 30,wifi: DISABLED,bt: ENABLED, throttle: 0x0
2024-02-08 08:53:54.514277,median: 45.00, [45, 45, 45, 45, 45],icon: 30,wifi: DISABLED,bt: ENABLED, throttle: 0x0
2024-02-08 08:54:05.728712,median: 45.00, [45, 45, 45, 45, 45],icon: 30,wifi: DISABLED,bt: ENABLED, throttle: 0x0
2024-02-08 08:54:15.772297,median: 45.00, [45, 45, 45, 45, 45],icon: 30,wifi: DISABLED,bt: ENABLED, throttle: 0x0
2024-02-08 08:54:25.826772,median: 51.00, [45, 45, 45, 45, 51],icon: 30,wifi: DISABLED,bt: ENABLED, throttle: 0x0
2024-02-08 08:54:35.878920,median: 51.00, [45, 45, 45, 51, 51],icon: 30,wifi: DISABLED,bt: ENABLED, throttle: 0x0
2024-02-08 08:54:45.910096,median: 51.00, [45, 45, 51, 51, 51],icon: 50,wifi: DISABLED,bt: ENABLED, throttle: 0x0
2024-02-08 08:54:55.929303,median: 51.00, [45, 51, 51, 51, 51],icon: 50,wifi: DISABLED,bt: ENABLED, throttle: 0x0
2024-02-08 08:55:05.957265,median: 51.00, [51, 51, 51, 51, 51],icon: 50,wifi: DISABLED,bt: ENABLED, throttle: 0x0
2024-02-08 08:55:15.978544,median: 54.00, [51, 51, 51, 51, 54],icon: 50,wifi: DISABLED,bt: ENABLED, throttle: 0x0
2024-02-08 08:55:26.030295,median: 54.00, [51, 51, 51, 54, 54],icon: 50,wifi: DISABLED,bt: ENABLED, throttle: 0x0
2024-02-08 08:55:36.093629,median: 54.00, [51, 51, 54, 54, 54],icon: 60,wifi: DISABLED,bt: ENABLED, throttle: 0x0
2024-02-08 08:55:46.146286,median: 54.00, [51, 54, 54, 54, 54],icon: 60,wifi: DISABLED,bt: ENABLED, throttle: 0x0
2024-02-08 08:55:56.199808,median: 54.00, [54, 54, 54, 54, 54],icon: 60,wifi: DISABLED,bt: ENABLED, throttle: 0x0
2024-02-08 08:56:06.250459,median: 54.00, [54, 54, 54, 54, 54],icon: 60,wifi: DISABLED,bt: ENABLED, throttle: 0x0
2024-02-08 08:56:19.940154,median: 54.00, [54, 54, 54, 54, 54],icon: 60,wifi: DISABLED,bt: ENABLED, throttle: 0x0
2024-02-08 08:56:29.987172,median: 54.00, [54, 54, 54, 54, 54],icon: 60,wifi: DISABLED,bt: ENABLED, throttle: 0x0
2024-02-08 08:56:42.047511,median: 54.00, [54, 54, 54, 54, 54],icon: 60,wifi: DISABLED,bt: ENABLED, throttle: 0x0
2024-02-08 08:56:52.067951,median: 54.00, [54, 54, 54, 54, 54],icon: 60,wifi: DISABLED,bt: ENABLED, throttle: 0x0
2024-02-08 08:57:02.111397,median: 54.00, [54, 54, 54, 54, 54],icon: 60,wifi: DISABLED,bt: ENABLED, throttle: 0x0
2024-02-08 08:57:24.180561,median: 54.00, [54, 54, 54, 54, 54],icon: 60,wifi: DISABLED,bt: ENABLED, throttle: 0x0
2024-02-08 08:57:34.225744,median: 54.00, [54, 54, 54, 54, 54],icon: 60,wifi: DISABLED,bt: ENABLED, throttle: 0x0
2024-02-08 08:57:44.277728,median: 54.00, [54, 54, 54, 54, 54],icon: 60,wifi: DISABLED,bt: ENABLED, throttle: 0x0
2024-02-08 08:57:54.333206,median: 62.00, [54, 54, 54, 54, 62],icon: 60,wifi: DISABLED,bt: ENABLED, throttle: 0x0
2024-02-08 08:58:06.044781,median: 62.00, [54, 54, 54, 62, 62],icon: 60,wifi: DISABLED,bt: ENABLED, throttle: 0x0
2024-02-08 08:58:16.086701,median: 62.00, [54, 54, 62, 62, 62],icon: 60,wifi: DISABLED,bt: ENABLED, throttle: 0x0
2024-02-08 08:58:26.136930,median: 62.00, [54, 62, 62, 62, 62],icon: 60,wifi: DISABLED,bt: ENABLED, throttle: 0x0
2024-02-08 08:58:37.383434,median: 62.00, [62, 62, 62, 62, 62],icon: 60,wifi: DISABLED,bt: ENABLED, throttle: 0x0
2024-02-08 08:58:47.426602,median: 62.00, [62, 62, 62, 62, 62],icon: 60,wifi: DISABLED,bt: ENABLED, throttle: 0x0
2024-02-08 08:58:57.454259,median: 65.00, [62, 62, 62, 62, 65],icon: 60,wifi: DISABLED,bt: ENABLED, throttle: 0x0
2024-02-08 08:59:07.499703,median: 65.00, [62, 62, 62, 65, 65],icon: 60,wifi: DISABLED,bt: ENABLED, throttle: 0x0
2024-02-08 08:59:17.552061,median: 65.00, [62, 62, 65, 65, 65],icon: 60,wifi: DISABLED,bt: ENABLED, throttle: 0x0
2024-02-08 08:59:27.577839,median: 65.00, [62, 65, 65, 65, 65],icon: 60,wifi: DISABLED,bt: ENABLED, throttle: 0x0
2024-02-08 08:59:37.628459,median: 67.00, [65, 65, 65, 65, 67],icon: 60,wifi: DISABLED,bt: ENABLED, throttle: 0x0
2024-02-08 08:59:47.681176,median: 67.00, [65, 65, 65, 67, 67],icon: 60,wifi: DISABLED,bt: ENABLED, throttle: 0x0
2024-02-08 08:59:57.728550,median: 67.00, [65, 65, 67, 67, 67],icon: 60,wifi: DISABLED,bt: ENABLED, throttle: 0x0
2024-02-08 09:00:10.524683,median: 67.00, [65, 67, 67, 67, 67],icon: 60,wifi: DISABLED,bt: ENABLED, throttle: 0x0
2024-02-08 09:00:20.572647,median: 67.00, [67, 67, 67, 67, 67],icon: 60,wifi: DISABLED,bt: ENABLED, throttle: 0x0
2024-02-08 09:00:30.622224,median: 67.00, [67, 67, 67, 67, 67],icon: 60,wifi: DISABLED,bt: ENABLED, throttle: 0x0
2024-02-08 09:00:40.672096,median: 67.00, [67, 67, 67, 67, 67],icon: 60,wifi: DISABLED,bt: ENABLED, throttle: 0x0
2024-02-08 09:00:50.711714,median: 67.00, [67, 67, 67, 67, 67],icon: 60,wifi: DISABLED,bt: ENABLED, throttle: 0x0
2024-02-08 09:01:00.766485,median: 67.00, [67, 67, 67, 67, 67],icon: 60,wifi: DISABLED,bt: ENABLED, throttle: 0x0
2024-02-08 09:01:10.814656,median: 67.00, [67, 67, 67, 67, 67],icon: 60,wifi: DISABLED,bt: ENABLED, throttle: 0x0
2024-02-08 09:01:20.867238,median: 67.00, [67, 67, 67, 67, 67],icon: 60,wifi: DISABLED,bt: ENABLED, throttle: 0x0
2024-02-08 09:01:30.908211,median: 67.00, [67, 67, 67, 67, 67],icon: 60,wifi: DISABLED,bt: ENABLED, throttle: 0x0
2024-02-08 09:01:40.957433,median: 69.00, [67, 67, 67, 67, 69],icon: 60,wifi: DISABLED,bt: ENABLED, throttle: 0x0
2024-02-08 09:01:51.003733,median: 69.00, [67, 67, 67, 69, 69],icon: 60,wifi: DISABLED,bt: ENABLED, throttle: 0x0
2024-02-08 09:02:02.862854,median: 69.00, [67, 67, 69, 69, 69],icon: 60,wifi: DISABLED,bt: ENABLED, throttle: 0x0
2024-02-08 09:02:12.919038,median: 69.00, [67, 69, 69, 69, 69],icon: 60,wifi: DISABLED,bt: ENABLED, throttle: 0x0
2024-02-08 09:02:22.971840,median: 69.00, [69, 69, 69, 69, 69],icon: 60,wifi: DISABLED,bt: ENABLED, throttle: 0x0
2024-02-08 09:02:33.027493,median: 68.00, [69, 69, 69, 69, 68],icon: 60,wifi: DISABLED,bt: ENABLED, throttle: 0x0
2024-02-08 09:02:49.407875,median: 68.00, [69, 69, 69, 68, 68],icon: 60,wifi: DISABLED,bt: ENABLED, throttle: 0x0
2024-02-08 09:02:59.444827,median: 68.00, [69, 69, 68, 68, 68],icon: 60,wifi: DISABLED,bt: ENABLED, throttle: 0x0
2024-02-08 09:03:09.496716,median: 68.00, [69, 68, 68, 68, 68],icon: 60,wifi: DISABLED,bt: ENABLED, throttle: 0x0
2024-02-08 09:03:19.550423,median: 68.00, [68, 68, 68, 68, 68],icon: 60,wifi: DISABLED,bt: ENABLED, throttle: 0x0
2024-02-08 09:03:29.594008,median: 68.00, [68, 68, 68, 68, 68],icon: 60,wifi: DISABLED,bt: ENABLED, throttle: 0x0
2024-02-08 09:03:39.647332,median: 68.00, [68, 68, 68, 68, 68],icon: 60,wifi: DISABLED,bt: ENABLED, throttle: 0x0
2024-02-08 09:03:49.698644,median: 68.00, [68, 68, 68, 68, 68],icon: 60,wifi: DISABLED,bt: ENABLED, throttle: 0x0
